[INFO][2017-06-07 08:04:39,870][org.springframework.context.support.ClassPathXmlApplicationContext]Refreshing org.springframework.context.support.ClassPathXmlApplicationContext@4ac4aad3: startup date [Wed Jun 07 08:04:39 CST 2017]; root of context hierarchy
[INFO][2017-06-07 08:04:39,920][org.springframework.beans.factory.xml.XmlBeanDefinitionReader]Loading XML bean definitions from class path resource [applicationContext.xml]
[INFO][2017-06-07 08:04:40,084][org.springframework.beans.factory.support.DefaultListableBeanFactory]Pre-instantiating singletons in org.springframework.beans.factory.support.DefaultListableBeanFactory@704f459c: defining beans [dataSource,sessionFactory,transactionManager,baseDao,adminDaoImp,cgDaoImp.java,adminServiceImp,loginAction]; root of factory hierarchy
[INFO][2017-06-07 08:04:40,166][org.hibernate.cfg.Environment]Hibernate 3.3.2.GA
[INFO][2017-06-07 08:04:40,169][org.hibernate.cfg.Environment]hibernate.properties not found
[INFO][2017-06-07 08:04:40,171][org.hibernate.cfg.Environment]Bytecode provider name : javassist
[INFO][2017-06-07 08:04:40,174][org.hibernate.cfg.Environment]using JDK 1.4 java.sql.Timestamp handling
[INFO][2017-06-07 08:04:40,294][org.hibernate.cfg.HbmBinder]Mapping class: com.hm.InAndMarkSys.model.Admin -> admin
[INFO][2017-06-07 08:04:40,326][org.hibernate.cfg.HbmBinder]Mapping class: com.hm.InAndMarkSys.model.TbRuku -> tb_ruku
[INFO][2017-06-07 08:04:40,377][org.hibernate.cfg.HbmBinder]Mapping class: com.hm.InAndMarkSys.model.TbWl -> tb_wl
[INFO][2017-06-07 08:04:40,403][org.hibernate.cfg.HbmBinder]Mapping class: com.hm.InAndMarkSys.model.TbCgWl -> tb_cg_wl
[INFO][2017-06-07 08:04:40,421][org.hibernate.cfg.HbmBinder]Mapping class: com.hm.InAndMarkSys.model.TbCg -> tb_cg
[INFO][2017-06-07 08:04:40,423][org.hibernate.cfg.HbmBinder]Mapping collection: com.hm.InAndMarkSys.model.Admin.tbRukus -> tb_ruku
[INFO][2017-06-07 08:04:40,424][org.hibernate.cfg.HbmBinder]Mapping collection: com.hm.InAndMarkSys.model.TbWl.tbCgWls -> tb_cg_wl
[INFO][2017-06-07 08:04:40,424][org.hibernate.cfg.HbmBinder]Mapping collection: com.hm.InAndMarkSys.model.TbCg.tbCgWls -> tb_cg_wl
[INFO][2017-06-07 08:04:40,425][org.springframework.orm.hibernate3.LocalSessionFactoryBean]Building new Hibernate SessionFactory
[INFO][2017-06-07 08:04:40,430][org.hibernate.connection.ConnectionProviderFactory]Initializing connection provider: org.springframework.orm.hibernate3.LocalDataSourceConnectionProvider
[INFO][2017-06-07 08:04:40,594][org.hibernate.cfg.SettingsFactory]RDBMS: MySQL, version: 5.7.12-log
[INFO][2017-06-07 08:04:40,594][org.hibernate.cfg.SettingsFactory]JDBC driver: MySQL-AB JDBC Driver, version: mysql-connector-java-5.0.5 ( $Date: 2007-03-01 00:01:06 +0100 (Thu, 01 Mar 2007) $, $Revision: 6329 $ )
[INFO][2017-06-07 08:04:40,620][org.hibernate.dialect.Dialect]Using dialect: org.hibernate.dialect.MySQLDialect
[INFO][2017-06-07 08:04:40,623][org.hibernate.transaction.TransactionFactoryFactory]Transaction strategy: org.springframework.orm.hibernate3.SpringTransactionFactory
[INFO][2017-06-07 08:04:40,625][org.hibernate.transaction.TransactionManagerLookupFactory]No TransactionManagerLookup configured (in JTA environment, use of read-write or transactional second-level cache is not recommended)
[INFO][2017-06-07 08:04:40,625][org.hibernate.cfg.SettingsFactory]Automatic flush during beforeCompletion(): disabled
[INFO][2017-06-07 08:04:40,626][org.hibernate.cfg.SettingsFactory]Automatic session close at end of transaction: disabled
[INFO][2017-06-07 08:04:40,626][org.hibernate.cfg.SettingsFactory]JDBC batch size: 15
[INFO][2017-06-07 08:04:40,626][org.hibernate.cfg.SettingsFactory]JDBC batch updates for versioned data: disabled
[INFO][2017-06-07 08:04:40,627][org.hibernate.cfg.SettingsFactory]Scrollable result sets: enabled
[INFO][2017-06-07 08:04:40,627][org.hibernate.cfg.SettingsFactory]JDBC3 getGeneratedKeys(): enabled
[INFO][2017-06-07 08:04:40,628][org.hibernate.cfg.SettingsFactory]Connection release mode: auto
[INFO][2017-06-07 08:04:40,629][org.hibernate.cfg.SettingsFactory]Maximum outer join fetch depth: 2
[INFO][2017-06-07 08:04:40,629][org.hibernate.cfg.SettingsFactory]Default batch fetch size: 1
[INFO][2017-06-07 08:04:40,629][org.hibernate.cfg.SettingsFactory]Generate SQL with comments: disabled
[INFO][2017-06-07 08:04:40,629][org.hibernate.cfg.SettingsFactory]Order SQL updates by primary key: disabled
[INFO][2017-06-07 08:04:40,629][org.hibernate.cfg.SettingsFactory]Order SQL inserts for batching: disabled
[INFO][2017-06-07 08:04:40,629][org.hibernate.cfg.SettingsFactory]Query translator: org.hibernate.hql.ast.ASTQueryTranslatorFactory
[INFO][2017-06-07 08:04:40,631][org.hibernate.hql.ast.ASTQueryTranslatorFactory]Using ASTQueryTranslatorFactory
[INFO][2017-06-07 08:04:40,631][org.hibernate.cfg.SettingsFactory]Query language substitutions: {}
[INFO][2017-06-07 08:04:40,631][org.hibernate.cfg.SettingsFactory]JPA-QL strict compliance: disabled
[INFO][2017-06-07 08:04:40,631][org.hibernate.cfg.SettingsFactory]Second-level cache: enabled
[INFO][2017-06-07 08:04:40,631][org.hibernate.cfg.SettingsFactory]Query cache: disabled
[INFO][2017-06-07 08:04:40,631][org.hibernate.cfg.SettingsFactory]Cache region factory : org.hibernate.cache.impl.NoCachingRegionFactory
[INFO][2017-06-07 08:04:40,632][org.hibernate.cfg.SettingsFactory]Optimize cache for minimal puts: disabled
[INFO][2017-06-07 08:04:40,632][org.hibernate.cfg.SettingsFactory]Structured second-level cache entries: disabled
[INFO][2017-06-07 08:04:40,634][org.hibernate.cfg.SettingsFactory]Echoing all SQL to stdout
[INFO][2017-06-07 08:04:40,634][org.hibernate.cfg.SettingsFactory]Statistics: disabled
[INFO][2017-06-07 08:04:40,634][org.hibernate.cfg.SettingsFactory]Deleted entity synthetic identifier rollback: disabled
[INFO][2017-06-07 08:04:40,635][org.hibernate.cfg.SettingsFactory]Default entity-mode: pojo
[INFO][2017-06-07 08:04:40,635][org.hibernate.cfg.SettingsFactory]Named query checking : enabled
[INFO][2017-06-07 08:04:40,661][org.hibernate.impl.SessionFactoryImpl]building session factory
[INFO][2017-06-07 08:04:40,798][org.hibernate.impl.SessionFactoryObjectFactory]Not binding factory to JNDI, no JNDI name configured
[INFO][2017-06-07 08:04:40,815][org.springframework.orm.hibernate3.HibernateTransactionManager]Using DataSource [org.apache.commons.dbcp.BasicDataSource@5b32627] of Hibernate SessionFactory for HibernateTransactionManager
[INFO][2017-06-07 08:05:01,509][org.springframework.context.support.ClassPathXmlApplicationContext]Refreshing org.springframework.context.support.ClassPathXmlApplicationContext@4ac4aad3: startup date [Wed Jun 07 08:05:01 CST 2017]; root of context hierarchy
[INFO][2017-06-07 08:05:01,546][org.springframework.beans.factory.xml.XmlBeanDefinitionReader]Loading XML bean definitions from class path resource [applicationContext.xml]
[INFO][2017-06-07 08:05:01,679][org.springframework.beans.factory.support.DefaultListableBeanFactory]Pre-instantiating singletons in org.springframework.beans.factory.support.DefaultListableBeanFactory@704f459c: defining beans [dataSource,sessionFactory,transactionManager,baseDao,adminDaoImp,cgDaoImp,adminServiceImp,loginAction]; root of factory hierarchy
[INFO][2017-06-07 08:05:01,753][org.hibernate.cfg.Environment]Hibernate 3.3.2.GA
[INFO][2017-06-07 08:05:01,757][org.hibernate.cfg.Environment]hibernate.properties not found
[INFO][2017-06-07 08:05:01,759][org.hibernate.cfg.Environment]Bytecode provider name : javassist
[INFO][2017-06-07 08:05:01,761][org.hibernate.cfg.Environment]using JDK 1.4 java.sql.Timestamp handling
[INFO][2017-06-07 08:05:01,867][org.hibernate.cfg.HbmBinder]Mapping class: com.hm.InAndMarkSys.model.Admin -> admin
[INFO][2017-06-07 08:05:01,898][org.hibernate.cfg.HbmBinder]Mapping class: com.hm.InAndMarkSys.model.TbRuku -> tb_ruku
[INFO][2017-06-07 08:05:01,946][org.hibernate.cfg.HbmBinder]Mapping class: com.hm.InAndMarkSys.model.TbWl -> tb_wl
[INFO][2017-06-07 08:05:01,976][org.hibernate.cfg.HbmBinder]Mapping class: com.hm.InAndMarkSys.model.TbCgWl -> tb_cg_wl
[INFO][2017-06-07 08:05:01,991][org.hibernate.cfg.HbmBinder]Mapping class: com.hm.InAndMarkSys.model.TbCg -> tb_cg
[INFO][2017-06-07 08:05:01,992][org.hibernate.cfg.HbmBinder]Mapping collection: com.hm.InAndMarkSys.model.Admin.tbRukus -> tb_ruku
[INFO][2017-06-07 08:05:01,993][org.hibernate.cfg.HbmBinder]Mapping collection: com.hm.InAndMarkSys.model.TbWl.tbCgWls -> tb_cg_wl
[INFO][2017-06-07 08:05:01,993][org.hibernate.cfg.HbmBinder]Mapping collection: com.hm.InAndMarkSys.model.TbCg.tbCgWls -> tb_cg_wl
[INFO][2017-06-07 08:05:01,993][org.springframework.orm.hibernate3.LocalSessionFactoryBean]Building new Hibernate SessionFactory
[INFO][2017-06-07 08:05:01,996][org.hibernate.connection.ConnectionProviderFactory]Initializing connection provider: org.springframework.orm.hibernate3.LocalDataSourceConnectionProvider
[INFO][2017-06-07 08:05:02,146][org.hibernate.cfg.SettingsFactory]RDBMS: MySQL, version: 5.7.12-log
[INFO][2017-06-07 08:05:02,146][org.hibernate.cfg.SettingsFactory]JDBC driver: MySQL-AB JDBC Driver, version: mysql-connector-java-5.0.5 ( $Date: 2007-03-01 00:01:06 +0100 (Thu, 01 Mar 2007) $, $Revision: 6329 $ )
[INFO][2017-06-07 08:05:02,163][org.hibernate.dialect.Dialect]Using dialect: org.hibernate.dialect.MySQLDialect
[INFO][2017-06-07 08:05:02,166][org.hibernate.transaction.TransactionFactoryFactory]Transaction strategy: org.springframework.orm.hibernate3.SpringTransactionFactory
[INFO][2017-06-07 08:05:02,168][org.hibernate.transaction.TransactionManagerLookupFactory]No TransactionManagerLookup configured (in JTA environment, use of read-write or transactional second-level cache is not recommended)
[INFO][2017-06-07 08:05:02,168][org.hibernate.cfg.SettingsFactory]Automatic flush during beforeCompletion(): disabled
[INFO][2017-06-07 08:05:02,168][org.hibernate.cfg.SettingsFactory]Automatic session close at end of transaction: disabled
[INFO][2017-06-07 08:05:02,168][org.hibernate.cfg.SettingsFactory]JDBC batch size: 15
[INFO][2017-06-07 08:05:02,169][org.hibernate.cfg.SettingsFactory]JDBC batch updates for versioned data: disabled
[INFO][2017-06-07 08:05:02,169][org.hibernate.cfg.SettingsFactory]Scrollable result sets: enabled
[INFO][2017-06-07 08:05:02,169][org.hibernate.cfg.SettingsFactory]JDBC3 getGeneratedKeys(): enabled
[INFO][2017-06-07 08:05:02,169][org.hibernate.cfg.SettingsFactory]Connection release mode: auto
[INFO][2017-06-07 08:05:02,170][org.hibernate.cfg.SettingsFactory]Maximum outer join fetch depth: 2
[INFO][2017-06-07 08:05:02,170][org.hibernate.cfg.SettingsFactory]Default batch fetch size: 1
[INFO][2017-06-07 08:05:02,170][org.hibernate.cfg.SettingsFactory]Generate SQL with comments: disabled
[INFO][2017-06-07 08:05:02,170][org.hibernate.cfg.SettingsFactory]Order SQL updates by primary key: disabled
[INFO][2017-06-07 08:05:02,170][org.hibernate.cfg.SettingsFactory]Order SQL inserts for batching: disabled
[INFO][2017-06-07 08:05:02,170][org.hibernate.cfg.SettingsFactory]Query translator: org.hibernate.hql.ast.ASTQueryTranslatorFactory
[INFO][2017-06-07 08:05:02,172][org.hibernate.hql.ast.ASTQueryTranslatorFactory]Using ASTQueryTranslatorFactory
[INFO][2017-06-07 08:05:02,172][org.hibernate.cfg.SettingsFactory]Query language substitutions: {}
[INFO][2017-06-07 08:05:02,172][org.hibernate.cfg.SettingsFactory]JPA-QL strict compliance: disabled
[INFO][2017-06-07 08:05:02,172][org.hibernate.cfg.SettingsFactory]Second-level cache: enabled
[INFO][2017-06-07 08:05:02,172][org.hibernate.cfg.SettingsFactory]Query cache: disabled
[INFO][2017-06-07 08:05:02,172][org.hibernate.cfg.SettingsFactory]Cache region factory : org.hibernate.cache.impl.NoCachingRegionFactory
[INFO][2017-06-07 08:05:02,172][org.hibernate.cfg.SettingsFactory]Optimize cache for minimal puts: disabled
[INFO][2017-06-07 08:05:02,172][org.hibernate.cfg.SettingsFactory]Structured second-level cache entries: disabled
[INFO][2017-06-07 08:05:02,174][org.hibernate.cfg.SettingsFactory]Echoing all SQL to stdout
[INFO][2017-06-07 08:05:02,175][org.hibernate.cfg.SettingsFactory]Statistics: disabled
[INFO][2017-06-07 08:05:02,175][org.hibernate.cfg.SettingsFactory]Deleted entity synthetic identifier rollback: disabled
[INFO][2017-06-07 08:05:02,175][org.hibernate.cfg.SettingsFactory]Default entity-mode: pojo
[INFO][2017-06-07 08:05:02,175][org.hibernate.cfg.SettingsFactory]Named query checking : enabled
[INFO][2017-06-07 08:05:02,194][org.hibernate.impl.SessionFactoryImpl]building session factory
[INFO][2017-06-07 08:05:02,322][org.hibernate.impl.SessionFactoryObjectFactory]Not binding factory to JNDI, no JNDI name configured
[INFO][2017-06-07 08:05:02,338][org.springframework.orm.hibernate3.HibernateTransactionManager]Using DataSource [org.apache.commons.dbcp.BasicDataSource@774d921a] of Hibernate SessionFactory for HibernateTransactionManager
[INFO][2017-06-07 08:41:51,635][org.springframework.context.support.ClassPathXmlApplicationContext]Refreshing org.springframework.context.support.ClassPathXmlApplicationContext@59c9b9ca: startup date [Wed Jun 07 08:41:51 CST 2017]; root of context hierarchy
[INFO][2017-06-07 08:41:51,673][org.springframework.beans.factory.xml.XmlBeanDefinitionReader]Loading XML bean definitions from class path resource [applicationContext.xml]
[INFO][2017-06-07 08:41:51,809][org.springframework.beans.factory.support.DefaultListableBeanFactory]Pre-instantiating singletons in org.springframework.beans.factory.support.DefaultListableBeanFactory@10ad8659: defining beans [dataSource,sessionFactory,transactionManager,baseDao,adminDaoImp,cgDaoImp,adminServiceImp,loginAction]; root of factory hierarchy
[INFO][2017-06-07 08:41:51,906][org.hibernate.cfg.Environment]Hibernate 3.3.2.GA
[INFO][2017-06-07 08:41:51,908][org.hibernate.cfg.Environment]hibernate.properties not found
[INFO][2017-06-07 08:41:51,910][org.hibernate.cfg.Environment]Bytecode provider name : javassist
[INFO][2017-06-07 08:41:51,912][org.hibernate.cfg.Environment]using JDK 1.4 java.sql.Timestamp handling
[INFO][2017-06-07 08:41:52,028][org.hibernate.cfg.HbmBinder]Mapping class: com.hm.InAndMarkSys.model.Admin -> admin
[INFO][2017-06-07 08:41:52,062][org.hibernate.cfg.HbmBinder]Mapping class: com.hm.InAndMarkSys.model.TbRuku -> tb_ruku
[INFO][2017-06-07 08:41:52,109][org.hibernate.cfg.HbmBinder]Mapping class: com.hm.InAndMarkSys.model.TbWl -> tb_wl
[INFO][2017-06-07 08:41:52,160][org.hibernate.cfg.HbmBinder]Mapping class: com.hm.InAndMarkSys.model.TbCgWl -> tb_cg_wl
[INFO][2017-06-07 08:41:52,173][org.hibernate.cfg.HbmBinder]Mapping class: com.hm.InAndMarkSys.model.TbCg -> tb_cg
[INFO][2017-06-07 08:41:52,177][org.hibernate.cfg.HbmBinder]Mapping collection: com.hm.InAndMarkSys.model.Admin.tbRukus -> tb_ruku
[INFO][2017-06-07 08:41:52,177][org.hibernate.cfg.HbmBinder]Mapping collection: com.hm.InAndMarkSys.model.TbWl.tbCgWls -> tb_cg_wl
[INFO][2017-06-07 08:41:52,178][org.hibernate.cfg.HbmBinder]Mapping collection: com.hm.InAndMarkSys.model.TbCg.tbCgWls -> tb_cg_wl
[INFO][2017-06-07 08:41:52,178][org.springframework.orm.hibernate3.LocalSessionFactoryBean]Building new Hibernate SessionFactory
[INFO][2017-06-07 08:41:52,187][org.hibernate.connection.ConnectionProviderFactory]Initializing connection provider: org.springframework.orm.hibernate3.LocalDataSourceConnectionProvider
[INFO][2017-06-07 08:41:52,356][org.hibernate.cfg.SettingsFactory]RDBMS: MySQL, version: 5.7.12-log
[INFO][2017-06-07 08:41:52,356][org.hibernate.cfg.SettingsFactory]JDBC driver: MySQL-AB JDBC Driver, version: mysql-connector-java-5.0.5 ( $Date: 2007-03-01 00:01:06 +0100 (Thu, 01 Mar 2007) $, $Revision: 6329 $ )
[INFO][2017-06-07 08:41:52,374][org.hibernate.dialect.Dialect]Using dialect: org.hibernate.dialect.MySQLDialect
[INFO][2017-06-07 08:41:52,377][org.hibernate.transaction.TransactionFactoryFactory]Transaction strategy: org.springframework.orm.hibernate3.SpringTransactionFactory
[INFO][2017-06-07 08:41:52,378][org.hibernate.transaction.TransactionManagerLookupFactory]No TransactionManagerLookup configured (in JTA environment, use of read-write or transactional second-level cache is not recommended)
[INFO][2017-06-07 08:41:52,379][org.hibernate.cfg.SettingsFactory]Automatic flush during beforeCompletion(): disabled
[INFO][2017-06-07 08:41:52,379][org.hibernate.cfg.SettingsFactory]Automatic session close at end of transaction: disabled
[INFO][2017-06-07 08:41:52,379][org.hibernate.cfg.SettingsFactory]JDBC batch size: 15
[INFO][2017-06-07 08:41:52,379][org.hibernate.cfg.SettingsFactory]JDBC batch updates for versioned data: disabled
[INFO][2017-06-07 08:41:52,380][org.hibernate.cfg.SettingsFactory]Scrollable result sets: enabled
[INFO][2017-06-07 08:41:52,380][org.hibernate.cfg.SettingsFactory]JDBC3 getGeneratedKeys(): enabled
[INFO][2017-06-07 08:41:52,380][org.hibernate.cfg.SettingsFactory]Connection release mode: auto
[INFO][2017-06-07 08:41:52,380][org.hibernate.cfg.SettingsFactory]Maximum outer join fetch depth: 2
[INFO][2017-06-07 08:41:52,381][org.hibernate.cfg.SettingsFactory]Default batch fetch size: 1
[INFO][2017-06-07 08:41:52,381][org.hibernate.cfg.SettingsFactory]Generate SQL with comments: disabled
[INFO][2017-06-07 08:41:52,381][org.hibernate.cfg.SettingsFactory]Order SQL updates by primary key: disabled
[INFO][2017-06-07 08:41:52,381][org.hibernate.cfg.SettingsFactory]Order SQL inserts for batching: disabled
[INFO][2017-06-07 08:41:52,381][org.hibernate.cfg.SettingsFactory]Query translator: org.hibernate.hql.ast.ASTQueryTranslatorFactory
[INFO][2017-06-07 08:41:52,382][org.hibernate.hql.ast.ASTQueryTranslatorFactory]Using ASTQueryTranslatorFactory
[INFO][2017-06-07 08:41:52,382][org.hibernate.cfg.SettingsFactory]Query language substitutions: {}
[INFO][2017-06-07 08:41:52,383][org.hibernate.cfg.SettingsFactory]JPA-QL strict compliance: disabled
[INFO][2017-06-07 08:41:52,383][org.hibernate.cfg.SettingsFactory]Second-level cache: enabled
[INFO][2017-06-07 08:41:52,383][org.hibernate.cfg.SettingsFactory]Query cache: disabled
[INFO][2017-06-07 08:41:52,383][org.hibernate.cfg.SettingsFactory]Cache region factory : org.hibernate.cache.impl.NoCachingRegionFactory
[INFO][2017-06-07 08:41:52,383][org.hibernate.cfg.SettingsFactory]Optimize cache for minimal puts: disabled
[INFO][2017-06-07 08:41:52,383][org.hibernate.cfg.SettingsFactory]Structured second-level cache entries: disabled
[INFO][2017-06-07 08:41:52,386][org.hibernate.cfg.SettingsFactory]Echoing all SQL to stdout
[INFO][2017-06-07 08:41:52,387][org.hibernate.cfg.SettingsFactory]Statistics: disabled
[INFO][2017-06-07 08:41:52,387][org.hibernate.cfg.SettingsFactory]Deleted entity synthetic identifier rollback: disabled
[INFO][2017-06-07 08:41:52,387][org.hibernate.cfg.SettingsFactory]Default entity-mode: pojo
[INFO][2017-06-07 08:41:52,387][org.hibernate.cfg.SettingsFactory]Named query checking : enabled
[INFO][2017-06-07 08:41:52,407][org.hibernate.impl.SessionFactoryImpl]building session factory
[INFO][2017-06-07 08:41:52,529][org.hibernate.impl.SessionFactoryObjectFactory]Not binding factory to JNDI, no JNDI name configured
[INFO][2017-06-07 08:41:52,546][org.springframework.orm.hibernate3.HibernateTransactionManager]Using DataSource [org.apache.commons.dbcp.BasicDataSource@2a8ab08f] of Hibernate SessionFactory for HibernateTransactionManager
[INFO][2017-06-07 08:44:46,860][org.springframework.context.support.ClassPathXmlApplicationContext]Refreshing org.springframework.context.support.ClassPathXmlApplicationContext@4ac4aad3: startup date [Wed Jun 07 08:44:46 CST 2017]; root of context hierarchy
[INFO][2017-06-07 08:44:46,902][org.springframework.beans.factory.xml.XmlBeanDefinitionReader]Loading XML bean definitions from class path resource [applicationContext.xml]
[INFO][2017-06-07 08:44:47,043][org.springframework.beans.factory.support.DefaultListableBeanFactory]Pre-instantiating singletons in org.springframework.beans.factory.support.DefaultListableBeanFactory@704f459c: defining beans [dataSource,sessionFactory,transactionManager,baseDao,adminDaoImp,cgDaoImp,adminServiceImp,loginAction]; root of factory hierarchy
[INFO][2017-06-07 08:44:47,151][org.hibernate.cfg.Environment]Hibernate 3.3.2.GA
[INFO][2017-06-07 08:44:47,155][org.hibernate.cfg.Environment]hibernate.properties not found
[INFO][2017-06-07 08:44:47,157][org.hibernate.cfg.Environment]Bytecode provider name : javassist
[INFO][2017-06-07 08:44:47,160][org.hibernate.cfg.Environment]using JDK 1.4 java.sql.Timestamp handling
[INFO][2017-06-07 08:44:47,276][org.hibernate.cfg.HbmBinder]Mapping class: com.hm.InAndMarkSys.model.Admin -> admin
[INFO][2017-06-07 08:44:47,311][org.hibernate.cfg.HbmBinder]Mapping class: com.hm.InAndMarkSys.model.TbRuku -> tb_ruku
[INFO][2017-06-07 08:44:47,362][org.hibernate.cfg.HbmBinder]Mapping class: com.hm.InAndMarkSys.model.TbWl -> tb_wl
[INFO][2017-06-07 08:44:47,390][org.hibernate.cfg.HbmBinder]Mapping class: com.hm.InAndMarkSys.model.TbCgWl -> tb_cg_wl
[INFO][2017-06-07 08:44:47,422][org.hibernate.cfg.HbmBinder]Mapping class: com.hm.InAndMarkSys.model.TbCg -> tb_cg
[INFO][2017-06-07 08:44:47,423][org.hibernate.cfg.HbmBinder]Mapping collection: com.hm.InAndMarkSys.model.Admin.tbRukus -> tb_ruku
[INFO][2017-06-07 08:44:47,424][org.hibernate.cfg.HbmBinder]Mapping collection: com.hm.InAndMarkSys.model.TbWl.tbCgWls -> tb_cg_wl
[INFO][2017-06-07 08:44:47,424][org.hibernate.cfg.HbmBinder]Mapping collection: com.hm.InAndMarkSys.model.TbCg.tbCgWls -> tb_cg_wl
[INFO][2017-06-07 08:44:47,425][org.springframework.orm.hibernate3.LocalSessionFactoryBean]Building new Hibernate SessionFactory
[INFO][2017-06-07 08:44:47,436][org.hibernate.connection.ConnectionProviderFactory]Initializing connection provider: org.springframework.orm.hibernate3.LocalDataSourceConnectionProvider
[INFO][2017-06-07 08:44:47,616][org.hibernate.cfg.SettingsFactory]RDBMS: MySQL, version: 5.7.12-log
[INFO][2017-06-07 08:44:47,617][org.hibernate.cfg.SettingsFactory]JDBC driver: MySQL-AB JDBC Driver, version: mysql-connector-java-5.0.5 ( $Date: 2007-03-01 00:01:06 +0100 (Thu, 01 Mar 2007) $, $Revision: 6329 $ )
[INFO][2017-06-07 08:44:47,635][org.hibernate.dialect.Dialect]Using dialect: org.hibernate.dialect.MySQLDialect
[INFO][2017-06-07 08:44:47,638][org.hibernate.transaction.TransactionFactoryFactory]Transaction strategy: org.springframework.orm.hibernate3.SpringTransactionFactory
[INFO][2017-06-07 08:44:47,638][org.hibernate.transaction.TransactionManagerLookupFactory]No TransactionManagerLookup configured (in JTA environment, use of read-write or transactional second-level cache is not recommended)
[INFO][2017-06-07 08:44:47,638][org.hibernate.cfg.SettingsFactory]Automatic flush during beforeCompletion(): disabled
[INFO][2017-06-07 08:44:47,638][org.hibernate.cfg.SettingsFactory]Automatic session close at end of transaction: disabled
[INFO][2017-06-07 08:44:47,639][org.hibernate.cfg.SettingsFactory]JDBC batch size: 15
[INFO][2017-06-07 08:44:47,641][org.hibernate.cfg.SettingsFactory]JDBC batch updates for versioned data: disabled
[INFO][2017-06-07 08:44:47,642][org.hibernate.cfg.SettingsFactory]Scrollable result sets: enabled
[INFO][2017-06-07 08:44:47,642][org.hibernate.cfg.SettingsFactory]JDBC3 getGeneratedKeys(): enabled
[INFO][2017-06-07 08:44:47,642][org.hibernate.cfg.SettingsFactory]Connection release mode: auto
[INFO][2017-06-07 08:44:47,642][org.hibernate.cfg.SettingsFactory]Maximum outer join fetch depth: 2
[INFO][2017-06-07 08:44:47,643][org.hibernate.cfg.SettingsFactory]Default batch fetch size: 1
[INFO][2017-06-07 08:44:47,643][org.hibernate.cfg.SettingsFactory]Generate SQL with comments: disabled
[INFO][2017-06-07 08:44:47,643][org.hibernate.cfg.SettingsFactory]Order SQL updates by primary key: disabled
[INFO][2017-06-07 08:44:47,643][org.hibernate.cfg.SettingsFactory]Order SQL inserts for batching: disabled
[INFO][2017-06-07 08:44:47,643][org.hibernate.cfg.SettingsFactory]Query translator: org.hibernate.hql.ast.ASTQueryTranslatorFactory
[INFO][2017-06-07 08:44:47,644][org.hibernate.hql.ast.ASTQueryTranslatorFactory]Using ASTQueryTranslatorFactory
[INFO][2017-06-07 08:44:47,644][org.hibernate.cfg.SettingsFactory]Query language substitutions: {}
[INFO][2017-06-07 08:44:47,644][org.hibernate.cfg.SettingsFactory]JPA-QL strict compliance: disabled
[INFO][2017-06-07 08:44:47,644][org.hibernate.cfg.SettingsFactory]Second-level cache: enabled
[INFO][2017-06-07 08:44:47,644][org.hibernate.cfg.SettingsFactory]Query cache: disabled
[INFO][2017-06-07 08:44:47,644][org.hibernate.cfg.SettingsFactory]Cache region factory : org.hibernate.cache.impl.NoCachingRegionFactory
[INFO][2017-06-07 08:44:47,645][org.hibernate.cfg.SettingsFactory]Optimize cache for minimal puts: disabled
[INFO][2017-06-07 08:44:47,645][org.hibernate.cfg.SettingsFactory]Structured second-level cache entries: disabled
[INFO][2017-06-07 08:44:47,649][org.hibernate.cfg.SettingsFactory]Echoing all SQL to stdout
[INFO][2017-06-07 08:44:47,649][org.hibernate.cfg.SettingsFactory]Statistics: disabled
[INFO][2017-06-07 08:44:47,649][org.hibernate.cfg.SettingsFactory]Deleted entity synthetic identifier rollback: disabled
[INFO][2017-06-07 08:44:47,650][org.hibernate.cfg.SettingsFactory]Default entity-mode: pojo
[INFO][2017-06-07 08:44:47,650][org.hibernate.cfg.SettingsFactory]Named query checking : enabled
[INFO][2017-06-07 08:44:47,670][org.hibernate.impl.SessionFactoryImpl]building session factory
[INFO][2017-06-07 08:44:47,798][org.hibernate.impl.SessionFactoryObjectFactory]Not binding factory to JNDI, no JNDI name configured
[INFO][2017-06-07 08:44:47,819][org.springframework.orm.hibernate3.HibernateTransactionManager]Using DataSource [org.apache.commons.dbcp.BasicDataSource@2a8ab08f] of Hibernate SessionFactory for HibernateTransactionManager
[INFO][2017-06-07 11:43:00,798][org.springframework.context.support.ClassPathXmlApplicationContext]Refreshing org.springframework.context.support.ClassPathXmlApplicationContext@35ab28fe: startup date [Wed Jun 07 11:43:00 CST 2017]; root of context hierarchy
[INFO][2017-06-07 11:43:00,865][org.springframework.beans.factory.xml.XmlBeanDefinitionReader]Loading XML bean definitions from class path resource [applicationContext.xml]
[INFO][2017-06-07 11:43:01,098][org.springframework.beans.factory.support.DefaultListableBeanFactory]Pre-instantiating singletons in org.springframework.beans.factory.support.DefaultListableBeanFactory@64633e5e: defining beans [dataSource,sessionFactory,transactionManager,baseDao,adminDaoImp,cgDaoImp,adminServiceImp,loginAction]; root of factory hierarchy
[INFO][2017-06-07 11:43:01,227][org.hibernate.cfg.Environment]Hibernate 3.3.2.GA
[INFO][2017-06-07 11:43:01,229][org.hibernate.cfg.Environment]hibernate.properties not found
[INFO][2017-06-07 11:43:01,231][org.hibernate.cfg.Environment]Bytecode provider name : javassist
[INFO][2017-06-07 11:43:01,236][org.hibernate.cfg.Environment]using JDK 1.4 java.sql.Timestamp handling
[INFO][2017-06-07 11:43:01,460][org.hibernate.cfg.HbmBinder]Mapping class: com.hm.InAndMarkSys.model.TbCk -> tb_ck
[INFO][2017-06-07 11:43:01,529][org.hibernate.cfg.HbmBinder]Mapping class: com.hm.InAndMarkSys.model.Admin -> admin
[INFO][2017-06-07 11:43:01,599][org.hibernate.cfg.HbmBinder]Mapping class: com.hm.InAndMarkSys.model.TbRuku -> tb_ruku
[INFO][2017-06-07 11:43:01,681][org.hibernate.cfg.HbmBinder]Mapping class: com.hm.InAndMarkSys.model.TbWl -> tb_wl
[INFO][2017-06-07 11:43:01,746][org.hibernate.cfg.HbmBinder]Mapping class: com.hm.InAndMarkSys.model.TbCgWl -> tb_cg_wl
[INFO][2017-06-07 11:43:01,772][org.hibernate.cfg.HbmBinder]Mapping class: com.hm.InAndMarkSys.model.TbCg -> tb_cg
[INFO][2017-06-07 11:43:01,788][org.hibernate.cfg.HbmBinder]Mapping class: com.hm.InAndMarkSys.model.TbXs -> tb_xs
[INFO][2017-06-07 11:43:01,863][org.hibernate.cfg.HbmBinder]Mapping class: com.hm.InAndMarkSys.model.TbUser -> tb_user
[INFO][2017-06-07 11:43:01,877][org.hibernate.cfg.HbmBinder]Mapping class: com.hm.InAndMarkSys.model.TbXsRecord -> tb_xs_record
[INFO][2017-06-07 11:43:01,936][org.hibernate.cfg.HbmBinder]Mapping class: com.hm.InAndMarkSys.model.TbGys -> tb_gys
[INFO][2017-06-07 11:43:01,952][org.hibernate.cfg.HbmBinder]Mapping collection: com.hm.InAndMarkSys.model.TbCk.tbRukus -> tb_ruku
[INFO][2017-06-07 11:43:01,953][org.hibernate.cfg.HbmBinder]Mapping collection: com.hm.InAndMarkSys.model.Admin.tbRukus -> tb_ruku
[INFO][2017-06-07 11:43:01,953][org.hibernate.cfg.HbmBinder]Mapping collection: com.hm.InAndMarkSys.model.TbWl.tbXsRecords -> tb_xs_record
[INFO][2017-06-07 11:43:01,953][org.hibernate.cfg.HbmBinder]Mapping collection: com.hm.InAndMarkSys.model.TbWl.tbCgWls -> tb_cg_wl
[INFO][2017-06-07 11:43:01,953][org.hibernate.cfg.HbmBinder]Mapping collection: com.hm.InAndMarkSys.model.TbCg.tbCgWls -> tb_cg_wl
[INFO][2017-06-07 11:43:01,954][org.hibernate.cfg.HbmBinder]Mapping collection: com.hm.InAndMarkSys.model.TbUser.tbXsRecords -> tb_xs_record
[INFO][2017-06-07 11:43:01,954][org.hibernate.cfg.HbmBinder]Mapping collection: com.hm.InAndMarkSys.model.TbXsRecord.tbXses -> tb_xs
[INFO][2017-06-07 11:43:01,954][org.hibernate.cfg.HbmBinder]Mapping collection: com.hm.InAndMarkSys.model.TbGys.tbWls -> tb_wl
[INFO][2017-06-07 11:43:01,955][org.springframework.orm.hibernate3.LocalSessionFactoryBean]Building new Hibernate SessionFactory
[INFO][2017-06-07 11:43:01,960][org.hibernate.connection.ConnectionProviderFactory]Initializing connection provider: org.springframework.orm.hibernate3.LocalDataSourceConnectionProvider
[INFO][2017-06-07 11:43:02,137][org.hibernate.cfg.SettingsFactory]RDBMS: MySQL, version: 5.7.12-log
[INFO][2017-06-07 11:43:02,137][org.hibernate.cfg.SettingsFactory]JDBC driver: MySQL-AB JDBC Driver, version: mysql-connector-java-5.0.5 ( $Date: 2007-03-01 00:01:06 +0100 (Thu, 01 Mar 2007) $, $Revision: 6329 $ )
[INFO][2017-06-07 11:43:02,156][org.hibernate.dialect.Dialect]Using dialect: org.hibernate.dialect.MySQLDialect
[INFO][2017-06-07 11:43:02,158][org.hibernate.transaction.TransactionFactoryFactory]Transaction strategy: org.springframework.orm.hibernate3.SpringTransactionFactory
[INFO][2017-06-07 11:43:02,159][org.hibernate.transaction.TransactionManagerLookupFactory]No TransactionManagerLookup configured (in JTA environment, use of read-write or transactional second-level cache is not recommended)
[INFO][2017-06-07 11:43:02,160][org.hibernate.cfg.SettingsFactory]Automatic flush during beforeCompletion(): disabled
[INFO][2017-06-07 11:43:02,160][org.hibernate.cfg.SettingsFactory]Automatic session close at end of transaction: disabled
[INFO][2017-06-07 11:43:02,160][org.hibernate.cfg.SettingsFactory]JDBC batch size: 15
[INFO][2017-06-07 11:43:02,161][org.hibernate.cfg.SettingsFactory]JDBC batch updates for versioned data: disabled
[INFO][2017-06-07 11:43:02,162][org.hibernate.cfg.SettingsFactory]Scrollable result sets: enabled
[INFO][2017-06-07 11:43:02,162][org.hibernate.cfg.SettingsFactory]JDBC3 getGeneratedKeys(): enabled
[INFO][2017-06-07 11:43:02,162][org.hibernate.cfg.SettingsFactory]Connection release mode: auto
[INFO][2017-06-07 11:43:02,163][org.hibernate.cfg.SettingsFactory]Maximum outer join fetch depth: 2
[INFO][2017-06-07 11:43:02,163][org.hibernate.cfg.SettingsFactory]Default batch fetch size: 1
[INFO][2017-06-07 11:43:02,163][org.hibernate.cfg.SettingsFactory]Generate SQL with comments: disabled
[INFO][2017-06-07 11:43:02,163][org.hibernate.cfg.SettingsFactory]Order SQL updates by primary key: disabled
[INFO][2017-06-07 11:43:02,163][org.hibernate.cfg.SettingsFactory]Order SQL inserts for batching: disabled
[INFO][2017-06-07 11:43:02,163][org.hibernate.cfg.SettingsFactory]Query translator: org.hibernate.hql.ast.ASTQueryTranslatorFactory
[INFO][2017-06-07 11:43:02,164][org.hibernate.hql.ast.ASTQueryTranslatorFactory]Using ASTQueryTranslatorFactory
[INFO][2017-06-07 11:43:02,164][org.hibernate.cfg.SettingsFactory]Query language substitutions: {}
[INFO][2017-06-07 11:43:02,164][org.hibernate.cfg.SettingsFactory]JPA-QL strict compliance: disabled
[INFO][2017-06-07 11:43:02,164][org.hibernate.cfg.SettingsFactory]Second-level cache: enabled
[INFO][2017-06-07 11:43:02,164][org.hibernate.cfg.SettingsFactory]Query cache: disabled
[INFO][2017-06-07 11:43:02,165][org.hibernate.cfg.SettingsFactory]Cache region factory : org.hibernate.cache.impl.NoCachingRegionFactory
[INFO][2017-06-07 11:43:02,165][org.hibernate.cfg.SettingsFactory]Optimize cache for minimal puts: disabled
[INFO][2017-06-07 11:43:02,165][org.hibernate.cfg.SettingsFactory]Structured second-level cache entries: disabled
[INFO][2017-06-07 11:43:02,167][org.hibernate.cfg.SettingsFactory]Echoing all SQL to stdout
[INFO][2017-06-07 11:43:02,168][org.hibernate.cfg.SettingsFactory]Statistics: disabled
[INFO][2017-06-07 11:43:02,168][org.hibernate.cfg.SettingsFactory]Deleted entity synthetic identifier rollback: disabled
[INFO][2017-06-07 11:43:02,168][org.hibernate.cfg.SettingsFactory]Default entity-mode: pojo
[INFO][2017-06-07 11:43:02,168][org.hibernate.cfg.SettingsFactory]Named query checking : enabled
[INFO][2017-06-07 11:43:02,193][org.hibernate.impl.SessionFactoryImpl]building session factory
[INFO][2017-06-07 11:43:02,365][org.hibernate.impl.SessionFactoryObjectFactory]Not binding factory to JNDI, no JNDI name configured
[INFO][2017-06-07 11:43:02,383][org.springframework.orm.hibernate3.HibernateTransactionManager]Using DataSource [org.apache.commons.dbcp.BasicDataSource@1b5b8520] of Hibernate SessionFactory for HibernateTransactionManager
[INFO][2017-06-07 16:28:04,660][org.springframework.context.support.ClassPathXmlApplicationContext]Refreshing org.springframework.context.support.ClassPathXmlApplicationContext@4ac4aad3: startup date [Wed Jun 07 16:28:04 CST 2017]; root of context hierarchy
[INFO][2017-06-07 16:28:04,701][org.springframework.beans.factory.xml.XmlBeanDefinitionReader]Loading XML bean definitions from class path resource [applicationContext.xml]
[INFO][2017-06-07 16:28:04,859][org.springframework.beans.factory.support.DefaultListableBeanFactory]Pre-instantiating singletons in org.springframework.beans.factory.support.DefaultListableBeanFactory@64633e5e: defining beans [dataSource,sessionFactory,transactionManager,baseDao,adminDaoImp,cgDaoImp,wlDaoImp,adminServiceImp,loginAction]; root of factory hierarchy
[INFO][2017-06-07 16:28:04,955][org.hibernate.cfg.Environment]Hibernate 3.3.2.GA
[INFO][2017-06-07 16:28:04,956][org.hibernate.cfg.Environment]hibernate.properties not found
[INFO][2017-06-07 16:28:04,959][org.hibernate.cfg.Environment]Bytecode provider name : javassist
[INFO][2017-06-07 16:28:04,961][org.hibernate.cfg.Environment]using JDK 1.4 java.sql.Timestamp handling
[INFO][2017-06-07 16:28:05,083][org.hibernate.cfg.HbmBinder]Mapping class: com.hm.InAndMarkSys.model.TbCk -> tb_ck
[INFO][2017-06-07 16:28:05,120][org.hibernate.cfg.HbmBinder]Mapping class: com.hm.InAndMarkSys.model.Admin -> admin
[INFO][2017-06-07 16:28:05,157][org.hibernate.cfg.HbmBinder]Mapping class: com.hm.InAndMarkSys.model.TbRuku -> tb_ruku
[INFO][2017-06-07 16:28:05,216][org.hibernate.cfg.HbmBinder]Mapping class: com.hm.InAndMarkSys.model.TbWl -> tb_wl
[INFO][2017-06-07 16:28:05,258][org.hibernate.cfg.HbmBinder]Mapping class: com.hm.InAndMarkSys.model.TbCgWl -> tb_cg_wl
[INFO][2017-06-07 16:28:05,285][org.hibernate.cfg.HbmBinder]Mapping class: com.hm.InAndMarkSys.model.TbCg -> tb_cg
[INFO][2017-06-07 16:28:05,468][org.hibernate.cfg.HbmBinder]Mapping class: com.hm.InAndMarkSys.model.TbXs -> tb_xs
[INFO][2017-06-07 16:28:05,545][org.hibernate.cfg.HbmBinder]Mapping class: com.hm.InAndMarkSys.model.TbUser -> tb_user
[INFO][2017-06-07 16:28:05,556][org.hibernate.cfg.HbmBinder]Mapping class: com.hm.InAndMarkSys.model.TbXsRecord -> tb_xs_record
[INFO][2017-06-07 16:28:05,606][org.hibernate.cfg.HbmBinder]Mapping class: com.hm.InAndMarkSys.model.TbGys -> tb_gys
[INFO][2017-06-07 16:28:05,607][org.hibernate.cfg.HbmBinder]Mapping collection: com.hm.InAndMarkSys.model.TbCk.tbRukus -> tb_ruku
[INFO][2017-06-07 16:28:05,608][org.hibernate.cfg.HbmBinder]Mapping collection: com.hm.InAndMarkSys.model.Admin.tbRukus -> tb_ruku
[INFO][2017-06-07 16:28:05,608][org.hibernate.cfg.HbmBinder]Mapping collection: com.hm.InAndMarkSys.model.TbWl.tbXsRecords -> tb_xs_record
[INFO][2017-06-07 16:28:05,845][org.hibernate.cfg.HbmBinder]Mapping collection: com.hm.InAndMarkSys.model.TbWl.tbCgWls -> tb_cg_wl
[INFO][2017-06-07 16:28:05,846][org.hibernate.cfg.HbmBinder]Mapping collection: com.hm.InAndMarkSys.model.TbCg.tbCgWls -> tb_cg_wl
[INFO][2017-06-07 16:28:05,846][org.hibernate.cfg.HbmBinder]Mapping collection: com.hm.InAndMarkSys.model.TbUser.tbXsRecords -> tb_xs_record
[INFO][2017-06-07 16:28:05,846][org.hibernate.cfg.HbmBinder]Mapping collection: com.hm.InAndMarkSys.model.TbXsRecord.tbXses -> tb_xs
[INFO][2017-06-07 16:28:05,846][org.hibernate.cfg.HbmBinder]Mapping collection: com.hm.InAndMarkSys.model.TbGys.tbWls -> tb_wl
[INFO][2017-06-07 16:28:05,846][org.springframework.orm.hibernate3.LocalSessionFactoryBean]Building new Hibernate SessionFactory
[INFO][2017-06-07 16:28:05,849][org.hibernate.connection.ConnectionProviderFactory]Initializing connection provider: org.springframework.orm.hibernate3.LocalDataSourceConnectionProvider
[INFO][2017-06-07 16:28:06,069][org.hibernate.cfg.SettingsFactory]RDBMS: MySQL, version: 5.7.12-log
[INFO][2017-06-07 16:28:06,069][org.hibernate.cfg.SettingsFactory]JDBC driver: MySQL-AB JDBC Driver, version: mysql-connector-java-5.0.5 ( $Date: 2007-03-01 00:01:06 +0100 (Thu, 01 Mar 2007) $, $Revision: 6329 $ )
[INFO][2017-06-07 16:28:06,090][org.hibernate.dialect.Dialect]Using dialect: org.hibernate.dialect.MySQLDialect
[INFO][2017-06-07 16:28:06,093][org.hibernate.transaction.TransactionFactoryFactory]Transaction strategy: org.springframework.orm.hibernate3.SpringTransactionFactory
[INFO][2017-06-07 16:28:06,094][org.hibernate.transaction.TransactionManagerLookupFactory]No TransactionManagerLookup configured (in JTA environment, use of read-write or transactional second-level cache is not recommended)
[INFO][2017-06-07 16:28:06,095][org.hibernate.cfg.SettingsFactory]Automatic flush during beforeCompletion(): disabled
[INFO][2017-06-07 16:28:06,096][org.hibernate.cfg.SettingsFactory]Automatic session close at end of transaction: disabled
[INFO][2017-06-07 16:28:06,096][org.hibernate.cfg.SettingsFactory]JDBC batch size: 15
[INFO][2017-06-07 16:28:06,096][org.hibernate.cfg.SettingsFactory]JDBC batch updates for versioned data: disabled
[INFO][2017-06-07 16:28:06,096][org.hibernate.cfg.SettingsFactory]Scrollable result sets: enabled
[INFO][2017-06-07 16:28:06,097][org.hibernate.cfg.SettingsFactory]JDBC3 getGeneratedKeys(): enabled
[INFO][2017-06-07 16:28:06,097][org.hibernate.cfg.SettingsFactory]Connection release mode: auto
[INFO][2017-06-07 16:28:06,098][org.hibernate.cfg.SettingsFactory]Maximum outer join fetch depth: 2
[INFO][2017-06-07 16:28:06,098][org.hibernate.cfg.SettingsFactory]Default batch fetch size: 1
[INFO][2017-06-07 16:28:06,098][org.hibernate.cfg.SettingsFactory]Generate SQL with comments: disabled
[INFO][2017-06-07 16:28:06,098][org.hibernate.cfg.SettingsFactory]Order SQL updates by primary key: disabled
[INFO][2017-06-07 16:28:06,098][org.hibernate.cfg.SettingsFactory]Order SQL inserts for batching: disabled
[INFO][2017-06-07 16:28:06,098][org.hibernate.cfg.SettingsFactory]Query translator: org.hibernate.hql.ast.ASTQueryTranslatorFactory
[INFO][2017-06-07 16:28:06,099][org.hibernate.hql.ast.ASTQueryTranslatorFactory]Using ASTQueryTranslatorFactory
[INFO][2017-06-07 16:28:06,099][org.hibernate.cfg.SettingsFactory]Query language substitutions: {}
[INFO][2017-06-07 16:28:06,100][org.hibernate.cfg.SettingsFactory]JPA-QL strict compliance: disabled
[INFO][2017-06-07 16:28:06,100][org.hibernate.cfg.SettingsFactory]Second-level cache: enabled
[INFO][2017-06-07 16:28:06,100][org.hibernate.cfg.SettingsFactory]Query cache: disabled
[INFO][2017-06-07 16:28:06,100][org.hibernate.cfg.SettingsFactory]Cache region factory : org.hibernate.cache.impl.NoCachingRegionFactory
[INFO][2017-06-07 16:28:06,100][org.hibernate.cfg.SettingsFactory]Optimize cache for minimal puts: disabled
[INFO][2017-06-07 16:28:06,100][org.hibernate.cfg.SettingsFactory]Structured second-level cache entries: disabled
[INFO][2017-06-07 16:28:06,102][org.hibernate.cfg.SettingsFactory]Echoing all SQL to stdout
[INFO][2017-06-07 16:28:06,103][org.hibernate.cfg.SettingsFactory]Statistics: disabled
[INFO][2017-06-07 16:28:06,103][org.hibernate.cfg.SettingsFactory]Deleted entity synthetic identifier rollback: disabled
[INFO][2017-06-07 16:28:06,103][org.hibernate.cfg.SettingsFactory]Default entity-mode: pojo
[INFO][2017-06-07 16:28:06,103][org.hibernate.cfg.SettingsFactory]Named query checking : enabled
[INFO][2017-06-07 16:28:06,129][org.hibernate.impl.SessionFactoryImpl]building session factory
[INFO][2017-06-07 16:28:06,288][org.hibernate.impl.SessionFactoryObjectFactory]Not binding factory to JNDI, no JNDI name configured
[INFO][2017-06-07 16:28:06,306][org.springframework.orm.hibernate3.HibernateTransactionManager]Using DataSource [org.apache.commons.dbcp.BasicDataSource@49aacd5f] of Hibernate SessionFactory for HibernateTransactionManager
[INFO][2017-06-07 16:28:47,643][org.springframework.context.support.ClassPathXmlApplicationContext]Refreshing org.springframework.context.support.ClassPathXmlApplicationContext@78ce5b1c: startup date [Wed Jun 07 16:28:47 CST 2017]; root of context hierarchy
[INFO][2017-06-07 16:28:47,684][org.springframework.beans.factory.xml.XmlBeanDefinitionReader]Loading XML bean definitions from class path resource [applicationContext.xml]
[INFO][2017-06-07 16:28:47,864][org.springframework.beans.factory.support.DefaultListableBeanFactory]Pre-instantiating singletons in org.springframework.beans.factory.support.DefaultListableBeanFactory@d576e70: defining beans [dataSource,sessionFactory,transactionManager,baseDao,adminDaoImp,cgDaoImp,wlDaoImp,adminServiceImp,loginAction]; root of factory hierarchy
[INFO][2017-06-07 16:28:47,951][org.hibernate.cfg.Environment]Hibernate 3.3.2.GA
[INFO][2017-06-07 16:28:47,953][org.hibernate.cfg.Environment]hibernate.properties not found
[INFO][2017-06-07 16:28:47,957][org.hibernate.cfg.Environment]Bytecode provider name : javassist
[INFO][2017-06-07 16:28:47,959][org.hibernate.cfg.Environment]using JDK 1.4 java.sql.Timestamp handling
[INFO][2017-06-07 16:28:48,081][org.hibernate.cfg.HbmBinder]Mapping class: com.hm.InAndMarkSys.model.TbCk -> tb_ck
[INFO][2017-06-07 16:28:48,117][org.hibernate.cfg.HbmBinder]Mapping class: com.hm.InAndMarkSys.model.Admin -> admin
[INFO][2017-06-07 16:28:48,158][org.hibernate.cfg.HbmBinder]Mapping class: com.hm.InAndMarkSys.model.TbRuku -> tb_ruku
[INFO][2017-06-07 16:28:48,226][org.hibernate.cfg.HbmBinder]Mapping class: com.hm.InAndMarkSys.model.TbWl -> tb_wl
[INFO][2017-06-07 16:28:48,249][org.hibernate.cfg.HbmBinder]Mapping class: com.hm.InAndMarkSys.model.TbCgWl -> tb_cg_wl
[INFO][2017-06-07 16:28:48,292][org.hibernate.cfg.HbmBinder]Mapping class: com.hm.InAndMarkSys.model.TbCg -> tb_cg
[INFO][2017-06-07 16:28:48,309][org.hibernate.cfg.HbmBinder]Mapping class: com.hm.InAndMarkSys.model.TbXs -> tb_xs
[INFO][2017-06-07 16:28:48,365][org.hibernate.cfg.HbmBinder]Mapping class: com.hm.InAndMarkSys.model.TbUser -> tb_user
[INFO][2017-06-07 16:28:48,382][org.hibernate.cfg.HbmBinder]Mapping class: com.hm.InAndMarkSys.model.TbXsRecord -> tb_xs_record
[INFO][2017-06-07 16:28:48,433][org.hibernate.cfg.HbmBinder]Mapping class: com.hm.InAndMarkSys.model.TbGys -> tb_gys
[INFO][2017-06-07 16:28:48,434][org.hibernate.cfg.HbmBinder]Mapping collection: com.hm.InAndMarkSys.model.TbCk.tbRukus -> tb_ruku
[INFO][2017-06-07 16:28:48,435][org.hibernate.cfg.HbmBinder]Mapping collection: com.hm.InAndMarkSys.model.Admin.tbRukus -> tb_ruku
[INFO][2017-06-07 16:28:48,435][org.hibernate.cfg.HbmBinder]Mapping collection: com.hm.InAndMarkSys.model.TbWl.tbXsRecords -> tb_xs_record
[INFO][2017-06-07 16:28:48,436][org.hibernate.cfg.HbmBinder]Mapping collection: com.hm.InAndMarkSys.model.TbWl.tbCgWls -> tb_cg_wl
[INFO][2017-06-07 16:28:48,436][org.hibernate.cfg.HbmBinder]Mapping collection: com.hm.InAndMarkSys.model.TbCg.tbCgWls -> tb_cg_wl
[INFO][2017-06-07 16:28:48,436][org.hibernate.cfg.HbmBinder]Mapping collection: com.hm.InAndMarkSys.model.TbUser.tbXsRecords -> tb_xs_record
[INFO][2017-06-07 16:28:48,437][org.hibernate.cfg.HbmBinder]Mapping collection: com.hm.InAndMarkSys.model.TbXsRecord.tbXses -> tb_xs
[INFO][2017-06-07 16:28:48,441][org.hibernate.cfg.HbmBinder]Mapping collection: com.hm.InAndMarkSys.model.TbGys.tbWls -> tb_wl
[INFO][2017-06-07 16:28:48,442][org.springframework.orm.hibernate3.LocalSessionFactoryBean]Building new Hibernate SessionFactory
[INFO][2017-06-07 16:28:48,446][org.hibernate.connection.ConnectionProviderFactory]Initializing connection provider: org.springframework.orm.hibernate3.LocalDataSourceConnectionProvider
[INFO][2017-06-07 16:28:48,631][org.hibernate.cfg.SettingsFactory]RDBMS: MySQL, version: 5.7.12-log
[INFO][2017-06-07 16:28:48,631][org.hibernate.cfg.SettingsFactory]JDBC driver: MySQL-AB JDBC Driver, version: mysql-connector-java-5.0.5 ( $Date: 2007-03-01 00:01:06 +0100 (Thu, 01 Mar 2007) $, $Revision: 6329 $ )
[INFO][2017-06-07 16:28:48,650][org.hibernate.dialect.Dialect]Using dialect: org.hibernate.dialect.MySQLDialect
[INFO][2017-06-07 16:28:48,652][org.hibernate.transaction.TransactionFactoryFactory]Transaction strategy: org.springframework.orm.hibernate3.SpringTransactionFactory
[INFO][2017-06-07 16:28:48,654][org.hibernate.transaction.TransactionManagerLookupFactory]No TransactionManagerLookup configured (in JTA environment, use of read-write or transactional second-level cache is not recommended)
[INFO][2017-06-07 16:28:48,655][org.hibernate.cfg.SettingsFactory]Automatic flush during beforeCompletion(): disabled
[INFO][2017-06-07 16:28:48,655][org.hibernate.cfg.SettingsFactory]Automatic session close at end of transaction: disabled
[INFO][2017-06-07 16:28:48,655][org.hibernate.cfg.SettingsFactory]JDBC batch size: 15
[INFO][2017-06-07 16:28:48,655][org.hibernate.cfg.SettingsFactory]JDBC batch updates for versioned data: disabled
[INFO][2017-06-07 16:28:48,656][org.hibernate.cfg.SettingsFactory]Scrollable result sets: enabled
[INFO][2017-06-07 16:28:48,656][org.hibernate.cfg.SettingsFactory]JDBC3 getGeneratedKeys(): enabled
[INFO][2017-06-07 16:28:48,656][org.hibernate.cfg.SettingsFactory]Connection release mode: auto
[INFO][2017-06-07 16:28:48,657][org.hibernate.cfg.SettingsFactory]Maximum outer join fetch depth: 2
[INFO][2017-06-07 16:28:48,657][org.hibernate.cfg.SettingsFactory]Default batch fetch size: 1
[INFO][2017-06-07 16:28:48,657][org.hibernate.cfg.SettingsFactory]Generate SQL with comments: disabled
[INFO][2017-06-07 16:28:48,657][org.hibernate.cfg.SettingsFactory]Order SQL updates by primary key: disabled
[INFO][2017-06-07 16:28:48,658][org.hibernate.cfg.SettingsFactory]Order SQL inserts for batching: disabled
[INFO][2017-06-07 16:28:48,658][org.hibernate.cfg.SettingsFactory]Query translator: org.hibernate.hql.ast.ASTQueryTranslatorFactory
[INFO][2017-06-07 16:28:48,660][org.hibernate.hql.ast.ASTQueryTranslatorFactory]Using ASTQueryTranslatorFactory
[INFO][2017-06-07 16:28:48,660][org.hibernate.cfg.SettingsFactory]Query language substitutions: {}
[INFO][2017-06-07 16:28:48,660][org.hibernate.cfg.SettingsFactory]JPA-QL strict compliance: disabled
[INFO][2017-06-07 16:28:48,660][org.hibernate.cfg.SettingsFactory]Second-level cache: enabled
[INFO][2017-06-07 16:28:48,661][org.hibernate.cfg.SettingsFactory]Query cache: disabled
[INFO][2017-06-07 16:28:48,661][org.hibernate.cfg.SettingsFactory]Cache region factory : org.hibernate.cache.impl.NoCachingRegionFactory
[INFO][2017-06-07 16:28:48,661][org.hibernate.cfg.SettingsFactory]Optimize cache for minimal puts: disabled
[INFO][2017-06-07 16:28:48,661][org.hibernate.cfg.SettingsFactory]Structured second-level cache entries: disabled
[INFO][2017-06-07 16:28:48,663][org.hibernate.cfg.SettingsFactory]Echoing all SQL to stdout
[INFO][2017-06-07 16:28:48,664][org.hibernate.cfg.SettingsFactory]Statistics: disabled
[INFO][2017-06-07 16:28:48,664][org.hibernate.cfg.SettingsFactory]Deleted entity synthetic identifier rollback: disabled
[INFO][2017-06-07 16:28:48,664][org.hibernate.cfg.SettingsFactory]Default entity-mode: pojo
[INFO][2017-06-07 16:28:48,664][org.hibernate.cfg.SettingsFactory]Named query checking : enabled
[INFO][2017-06-07 16:28:48,686][org.hibernate.impl.SessionFactoryImpl]building session factory
[INFO][2017-06-07 16:28:48,854][org.hibernate.impl.SessionFactoryObjectFactory]Not binding factory to JNDI, no JNDI name configured
[INFO][2017-06-07 16:28:48,871][org.springframework.orm.hibernate3.HibernateTransactionManager]Using DataSource [org.apache.commons.dbcp.BasicDataSource@6c913dc1] of Hibernate SessionFactory for HibernateTransactionManager
[INFO][2017-06-07 16:30:57,806][org.springframework.context.support.ClassPathXmlApplicationContext]Refreshing org.springframework.context.support.ClassPathXmlApplicationContext@4ac4aad3: startup date [Wed Jun 07 16:30:57 CST 2017]; root of context hierarchy
[INFO][2017-06-07 16:30:57,864][org.springframework.beans.factory.xml.XmlBeanDefinitionReader]Loading XML bean definitions from class path resource [applicationContext.xml]
[INFO][2017-06-07 16:30:58,138][org.springframework.beans.factory.support.DefaultListableBeanFactory]Pre-instantiating singletons in org.springframework.beans.factory.support.DefaultListableBeanFactory@704f459c: defining beans [dataSource,sessionFactory,transactionManager,baseDao,adminDaoImp,cgDaoImp,wlDaoImp,adminServiceImp,loginAction]; root of factory hierarchy
[INFO][2017-06-07 16:30:58,270][org.hibernate.cfg.Environment]Hibernate 3.3.2.GA
[INFO][2017-06-07 16:30:58,314][org.hibernate.cfg.Environment]hibernate.properties not found
[INFO][2017-06-07 16:30:58,316][org.hibernate.cfg.Environment]Bytecode provider name : javassist
[INFO][2017-06-07 16:30:58,318][org.hibernate.cfg.Environment]using JDK 1.4 java.sql.Timestamp handling
[INFO][2017-06-07 16:30:58,448][org.hibernate.cfg.HbmBinder]Mapping class: com.hm.InAndMarkSys.model.TbCk -> tb_ck
[INFO][2017-06-07 16:30:58,486][org.hibernate.cfg.HbmBinder]Mapping class: com.hm.InAndMarkSys.model.Admin -> admin
[INFO][2017-06-07 16:30:58,534][org.hibernate.cfg.HbmBinder]Mapping class: com.hm.InAndMarkSys.model.TbRuku -> tb_ruku
[INFO][2017-06-07 16:30:58,593][org.hibernate.cfg.HbmBinder]Mapping class: com.hm.InAndMarkSys.model.TbWl -> tb_wl
[INFO][2017-06-07 16:30:58,620][org.hibernate.cfg.HbmBinder]Mapping class: com.hm.InAndMarkSys.model.TbCgWl -> tb_cg_wl
[INFO][2017-06-07 16:30:58,656][org.hibernate.cfg.HbmBinder]Mapping class: com.hm.InAndMarkSys.model.TbCg -> tb_cg
[INFO][2017-06-07 16:30:58,670][org.hibernate.cfg.HbmBinder]Mapping class: com.hm.InAndMarkSys.model.TbXs -> tb_xs
[INFO][2017-06-07 16:30:58,734][org.hibernate.cfg.HbmBinder]Mapping class: com.hm.InAndMarkSys.model.TbUser -> tb_user
[INFO][2017-06-07 16:30:58,745][org.hibernate.cfg.HbmBinder]Mapping class: com.hm.InAndMarkSys.model.TbXsRecord -> tb_xs_record
[INFO][2017-06-07 16:30:58,791][org.hibernate.cfg.HbmBinder]Mapping class: com.hm.InAndMarkSys.model.TbGys -> tb_gys
[INFO][2017-06-07 16:30:58,792][org.hibernate.cfg.HbmBinder]Mapping collection: com.hm.InAndMarkSys.model.TbCk.tbRukus -> tb_ruku
[INFO][2017-06-07 16:30:58,810][org.hibernate.cfg.HbmBinder]Mapping collection: com.hm.InAndMarkSys.model.Admin.tbRukus -> tb_ruku
[INFO][2017-06-07 16:30:58,811][org.hibernate.cfg.HbmBinder]Mapping collection: com.hm.InAndMarkSys.model.TbWl.tbXsRecords -> tb_xs_record
[INFO][2017-06-07 16:30:58,811][org.hibernate.cfg.HbmBinder]Mapping collection: com.hm.InAndMarkSys.model.TbWl.tbCgWls -> tb_cg_wl
[INFO][2017-06-07 16:30:58,811][org.hibernate.cfg.HbmBinder]Mapping collection: com.hm.InAndMarkSys.model.TbCg.tbCgWls -> tb_cg_wl
[INFO][2017-06-07 16:30:58,812][org.hibernate.cfg.HbmBinder]Mapping collection: com.hm.InAndMarkSys.model.TbUser.tbXsRecords -> tb_xs_record
[INFO][2017-06-07 16:30:58,812][org.hibernate.cfg.HbmBinder]Mapping collection: com.hm.InAndMarkSys.model.TbXsRecord.tbXses -> tb_xs
[INFO][2017-06-07 16:30:58,812][org.hibernate.cfg.HbmBinder]Mapping collection: com.hm.InAndMarkSys.model.TbGys.tbWls -> tb_wl
[INFO][2017-06-07 16:30:58,813][org.springframework.orm.hibernate3.LocalSessionFactoryBean]Building new Hibernate SessionFactory
[INFO][2017-06-07 16:30:58,817][org.hibernate.connection.ConnectionProviderFactory]Initializing connection provider: org.springframework.orm.hibernate3.LocalDataSourceConnectionProvider
[INFO][2017-06-07 16:30:58,991][org.hibernate.cfg.SettingsFactory]RDBMS: MySQL, version: 5.7.12-log
[INFO][2017-06-07 16:30:58,991][org.hibernate.cfg.SettingsFactory]JDBC driver: MySQL-AB JDBC Driver, version: mysql-connector-java-5.0.5 ( $Date: 2007-03-01 00:01:06 +0100 (Thu, 01 Mar 2007) $, $Revision: 6329 $ )
[INFO][2017-06-07 16:30:59,010][org.hibernate.dialect.Dialect]Using dialect: org.hibernate.dialect.MySQLDialect
[INFO][2017-06-07 16:30:59,013][org.hibernate.transaction.TransactionFactoryFactory]Transaction strategy: org.springframework.orm.hibernate3.SpringTransactionFactory
[INFO][2017-06-07 16:30:59,014][org.hibernate.transaction.TransactionManagerLookupFactory]No TransactionManagerLookup configured (in JTA environment, use of read-write or transactional second-level cache is not recommended)
[INFO][2017-06-07 16:30:59,014][org.hibernate.cfg.SettingsFactory]Automatic flush during beforeCompletion(): disabled
[INFO][2017-06-07 16:30:59,014][org.hibernate.cfg.SettingsFactory]Automatic session close at end of transaction: disabled
[INFO][2017-06-07 16:30:59,015][org.hibernate.cfg.SettingsFactory]JDBC batch size: 15
[INFO][2017-06-07 16:30:59,015][org.hibernate.cfg.SettingsFactory]JDBC batch updates for versioned data: disabled
[INFO][2017-06-07 16:30:59,016][org.hibernate.cfg.SettingsFactory]Scrollable result sets: enabled
[INFO][2017-06-07 16:30:59,016][org.hibernate.cfg.SettingsFactory]JDBC3 getGeneratedKeys(): enabled
[INFO][2017-06-07 16:30:59,016][org.hibernate.cfg.SettingsFactory]Connection release mode: auto
[INFO][2017-06-07 16:30:59,017][org.hibernate.cfg.SettingsFactory]Maximum outer join fetch depth: 2
[INFO][2017-06-07 16:30:59,017][org.hibernate.cfg.SettingsFactory]Default batch fetch size: 1
[INFO][2017-06-07 16:30:59,017][org.hibernate.cfg.SettingsFactory]Generate SQL with comments: disabled
[INFO][2017-06-07 16:30:59,017][org.hibernate.cfg.SettingsFactory]Order SQL updates by primary key: disabled
[INFO][2017-06-07 16:30:59,017][org.hibernate.cfg.SettingsFactory]Order SQL inserts for batching: disabled
[INFO][2017-06-07 16:30:59,017][org.hibernate.cfg.SettingsFactory]Query translator: org.hibernate.hql.ast.ASTQueryTranslatorFactory
[INFO][2017-06-07 16:30:59,018][org.hibernate.hql.ast.ASTQueryTranslatorFactory]Using ASTQueryTranslatorFactory
[INFO][2017-06-07 16:30:59,019][org.hibernate.cfg.SettingsFactory]Query language substitutions: {}
[INFO][2017-06-07 16:30:59,019][org.hibernate.cfg.SettingsFactory]JPA-QL strict compliance: disabled
[INFO][2017-06-07 16:30:59,019][org.hibernate.cfg.SettingsFactory]Second-level cache: enabled
[INFO][2017-06-07 16:30:59,019][org.hibernate.cfg.SettingsFactory]Query cache: disabled
[INFO][2017-06-07 16:30:59,019][org.hibernate.cfg.SettingsFactory]Cache region factory : org.hibernate.cache.impl.NoCachingRegionFactory
[INFO][2017-06-07 16:30:59,019][org.hibernate.cfg.SettingsFactory]Optimize cache for minimal puts: disabled
[INFO][2017-06-07 16:30:59,019][org.hibernate.cfg.SettingsFactory]Structured second-level cache entries: disabled
[INFO][2017-06-07 16:30:59,023][org.hibernate.cfg.SettingsFactory]Echoing all SQL to stdout
[INFO][2017-06-07 16:30:59,023][org.hibernate.cfg.SettingsFactory]Statistics: disabled
[INFO][2017-06-07 16:30:59,023][org.hibernate.cfg.SettingsFactory]Deleted entity synthetic identifier rollback: disabled
[INFO][2017-06-07 16:30:59,023][org.hibernate.cfg.SettingsFactory]Default entity-mode: pojo
[INFO][2017-06-07 16:30:59,023][org.hibernate.cfg.SettingsFactory]Named query checking : enabled
[INFO][2017-06-07 16:30:59,045][org.hibernate.impl.SessionFactoryImpl]building session factory
[INFO][2017-06-07 16:30:59,204][org.hibernate.impl.SessionFactoryObjectFactory]Not binding factory to JNDI, no JNDI name configured
[INFO][2017-06-07 16:30:59,223][org.springframework.orm.hibernate3.HibernateTransactionManager]Using DataSource [org.apache.commons.dbcp.BasicDataSource@6c913dc1] of Hibernate SessionFactory for HibernateTransactionManager
[INFO][2017-06-07 16:45:29,089][org.springframework.context.support.ClassPathXmlApplicationContext]Refreshing org.springframework.context.support.ClassPathXmlApplicationContext@4ac4aad3: startup date [Wed Jun 07 16:45:29 CST 2017]; root of context hierarchy
[INFO][2017-06-07 16:45:29,133][org.springframework.beans.factory.xml.XmlBeanDefinitionReader]Loading XML bean definitions from class path resource [applicationContext.xml]
[INFO][2017-06-07 16:45:29,290][org.springframework.beans.factory.support.DefaultListableBeanFactory]Pre-instantiating singletons in org.springframework.beans.factory.support.DefaultListableBeanFactory@704f459c: defining beans [dataSource,sessionFactory,transactionManager,baseDao,adminDaoImp,cgDaoImp,wlDaoImp,adminServiceImp,wlServiceImp,loginAction]; root of factory hierarchy
[INFO][2017-06-07 16:45:29,380][org.hibernate.cfg.Environment]Hibernate 3.3.2.GA
[INFO][2017-06-07 16:45:29,384][org.hibernate.cfg.Environment]hibernate.properties not found
[INFO][2017-06-07 16:45:29,388][org.hibernate.cfg.Environment]Bytecode provider name : javassist
[INFO][2017-06-07 16:45:29,391][org.hibernate.cfg.Environment]using JDK 1.4 java.sql.Timestamp handling
[INFO][2017-06-07 16:45:29,548][org.hibernate.cfg.HbmBinder]Mapping class: com.hm.InAndMarkSys.model.TbCk -> tb_ck
[INFO][2017-06-07 16:45:29,585][org.hibernate.cfg.HbmBinder]Mapping class: com.hm.InAndMarkSys.model.Admin -> admin
[INFO][2017-06-07 16:45:29,622][org.hibernate.cfg.HbmBinder]Mapping class: com.hm.InAndMarkSys.model.TbRuku -> tb_ruku
[INFO][2017-06-07 16:45:29,682][org.hibernate.cfg.HbmBinder]Mapping class: com.hm.InAndMarkSys.model.TbWl -> tb_wl
[INFO][2017-06-07 16:45:29,733][org.hibernate.cfg.HbmBinder]Mapping class: com.hm.InAndMarkSys.model.TbCgWl -> tb_cg_wl
[INFO][2017-06-07 16:45:29,758][org.hibernate.cfg.HbmBinder]Mapping class: com.hm.InAndMarkSys.model.TbCg -> tb_cg
[INFO][2017-06-07 16:45:29,779][org.hibernate.cfg.HbmBinder]Mapping class: com.hm.InAndMarkSys.model.TbXs -> tb_xs
[INFO][2017-06-07 16:45:29,846][org.hibernate.cfg.HbmBinder]Mapping class: com.hm.InAndMarkSys.model.TbUser -> tb_user
[INFO][2017-06-07 16:45:29,862][org.hibernate.cfg.HbmBinder]Mapping class: com.hm.InAndMarkSys.model.TbXsRecord -> tb_xs_record
[INFO][2017-06-07 16:45:29,958][org.hibernate.cfg.HbmBinder]Mapping class: com.hm.InAndMarkSys.model.TbGys -> tb_gys
[INFO][2017-06-07 16:45:29,961][org.hibernate.cfg.HbmBinder]Mapping collection: com.hm.InAndMarkSys.model.TbCk.tbRukus -> tb_ruku
[INFO][2017-06-07 16:45:29,962][org.hibernate.cfg.HbmBinder]Mapping collection: com.hm.InAndMarkSys.model.Admin.tbRukus -> tb_ruku
[INFO][2017-06-07 16:45:29,963][org.hibernate.cfg.HbmBinder]Mapping collection: com.hm.InAndMarkSys.model.TbWl.tbXsRecords -> tb_xs_record
[INFO][2017-06-07 16:45:29,963][org.hibernate.cfg.HbmBinder]Mapping collection: com.hm.InAndMarkSys.model.TbWl.tbCgWls -> tb_cg_wl
[INFO][2017-06-07 16:45:29,963][org.hibernate.cfg.HbmBinder]Mapping collection: com.hm.InAndMarkSys.model.TbCg.tbCgWls -> tb_cg_wl
[INFO][2017-06-07 16:45:29,963][org.hibernate.cfg.HbmBinder]Mapping collection: com.hm.InAndMarkSys.model.TbUser.tbXsRecords -> tb_xs_record
[INFO][2017-06-07 16:45:29,963][org.hibernate.cfg.HbmBinder]Mapping collection: com.hm.InAndMarkSys.model.TbXsRecord.tbXses -> tb_xs
[INFO][2017-06-07 16:45:29,963][org.hibernate.cfg.HbmBinder]Mapping collection: com.hm.InAndMarkSys.model.TbGys.tbWls -> tb_wl
[INFO][2017-06-07 16:45:29,964][org.springframework.orm.hibernate3.LocalSessionFactoryBean]Building new Hibernate SessionFactory
[INFO][2017-06-07 16:45:29,967][org.hibernate.connection.ConnectionProviderFactory]Initializing connection provider: org.springframework.orm.hibernate3.LocalDataSourceConnectionProvider
[INFO][2017-06-07 16:45:30,150][org.hibernate.cfg.SettingsFactory]RDBMS: MySQL, version: 5.7.12-log
[INFO][2017-06-07 16:45:30,150][org.hibernate.cfg.SettingsFactory]JDBC driver: MySQL-AB JDBC Driver, version: mysql-connector-java-5.0.5 ( $Date: 2007-03-01 00:01:06 +0100 (Thu, 01 Mar 2007) $, $Revision: 6329 $ )
[INFO][2017-06-07 16:45:30,168][org.hibernate.dialect.Dialect]Using dialect: org.hibernate.dialect.MySQLDialect
[INFO][2017-06-07 16:45:30,171][org.hibernate.transaction.TransactionFactoryFactory]Transaction strategy: org.springframework.orm.hibernate3.SpringTransactionFactory
[INFO][2017-06-07 16:45:30,172][org.hibernate.transaction.TransactionManagerLookupFactory]No TransactionManagerLookup configured (in JTA environment, use of read-write or transactional second-level cache is not recommended)
[INFO][2017-06-07 16:45:30,174][org.hibernate.cfg.SettingsFactory]Automatic flush during beforeCompletion(): disabled
[INFO][2017-06-07 16:45:30,174][org.hibernate.cfg.SettingsFactory]Automatic session close at end of transaction: disabled
[INFO][2017-06-07 16:45:30,174][org.hibernate.cfg.SettingsFactory]JDBC batch size: 15
[INFO][2017-06-07 16:45:30,174][org.hibernate.cfg.SettingsFactory]JDBC batch updates for versioned data: disabled
[INFO][2017-06-07 16:45:30,175][org.hibernate.cfg.SettingsFactory]Scrollable result sets: enabled
[INFO][2017-06-07 16:45:30,175][org.hibernate.cfg.SettingsFactory]JDBC3 getGeneratedKeys(): enabled
[INFO][2017-06-07 16:45:30,175][org.hibernate.cfg.SettingsFactory]Connection release mode: auto
[INFO][2017-06-07 16:45:30,176][org.hibernate.cfg.SettingsFactory]Maximum outer join fetch depth: 2
[INFO][2017-06-07 16:45:30,176][org.hibernate.cfg.SettingsFactory]Default batch fetch size: 1
[INFO][2017-06-07 16:45:30,176][org.hibernate.cfg.SettingsFactory]Generate SQL with comments: disabled
[INFO][2017-06-07 16:45:30,177][org.hibernate.cfg.SettingsFactory]Order SQL updates by primary key: disabled
[INFO][2017-06-07 16:45:30,177][org.hibernate.cfg.SettingsFactory]Order SQL inserts for batching: disabled
[INFO][2017-06-07 16:45:30,177][org.hibernate.cfg.SettingsFactory]Query translator: org.hibernate.hql.ast.ASTQueryTranslatorFactory
[INFO][2017-06-07 16:45:30,179][org.hibernate.hql.ast.ASTQueryTranslatorFactory]Using ASTQueryTranslatorFactory
[INFO][2017-06-07 16:45:30,179][org.hibernate.cfg.SettingsFactory]Query language substitutions: {}
[INFO][2017-06-07 16:45:30,179][org.hibernate.cfg.SettingsFactory]JPA-QL strict compliance: disabled
[INFO][2017-06-07 16:45:30,179][org.hibernate.cfg.SettingsFactory]Second-level cache: enabled
[INFO][2017-06-07 16:45:30,179][org.hibernate.cfg.SettingsFactory]Query cache: disabled
[INFO][2017-06-07 16:45:30,179][org.hibernate.cfg.SettingsFactory]Cache region factory : org.hibernate.cache.impl.NoCachingRegionFactory
[INFO][2017-06-07 16:45:30,179][org.hibernate.cfg.SettingsFactory]Optimize cache for minimal puts: disabled
[INFO][2017-06-07 16:45:30,180][org.hibernate.cfg.SettingsFactory]Structured second-level cache entries: disabled
[INFO][2017-06-07 16:45:30,182][org.hibernate.cfg.SettingsFactory]Echoing all SQL to stdout
[INFO][2017-06-07 16:45:30,182][org.hibernate.cfg.SettingsFactory]Statistics: disabled
[INFO][2017-06-07 16:45:30,183][org.hibernate.cfg.SettingsFactory]Deleted entity synthetic identifier rollback: disabled
[INFO][2017-06-07 16:45:30,183][org.hibernate.cfg.SettingsFactory]Default entity-mode: pojo
[INFO][2017-06-07 16:45:30,183][org.hibernate.cfg.SettingsFactory]Named query checking : enabled
[INFO][2017-06-07 16:45:30,207][org.hibernate.impl.SessionFactoryImpl]building session factory
[INFO][2017-06-07 16:45:30,382][org.hibernate.impl.SessionFactoryObjectFactory]Not binding factory to JNDI, no JNDI name configured
[INFO][2017-06-07 16:45:30,401][org.springframework.orm.hibernate3.HibernateTransactionManager]Using DataSource [org.apache.commons.dbcp.BasicDataSource@6c913dc1] of Hibernate SessionFactory for HibernateTransactionManager
[INFO][2017-06-07 16:45:47,718][org.springframework.context.support.ClassPathXmlApplicationContext]Refreshing org.springframework.context.support.ClassPathXmlApplicationContext@4ac4aad3: startup date [Wed Jun 07 16:45:47 CST 2017]; root of context hierarchy
[INFO][2017-06-07 16:45:47,766][org.springframework.beans.factory.xml.XmlBeanDefinitionReader]Loading XML bean definitions from class path resource [applicationContext.xml]
[INFO][2017-06-07 16:45:47,955][org.springframework.beans.factory.support.DefaultListableBeanFactory]Pre-instantiating singletons in org.springframework.beans.factory.support.DefaultListableBeanFactory@704f459c: defining beans [dataSource,sessionFactory,transactionManager,baseDao,adminDaoImp,cgDaoImp,wlDaoImp,adminServiceImp,wlServiceImp,loginAction]; root of factory hierarchy
[INFO][2017-06-07 16:45:48,046][org.hibernate.cfg.Environment]Hibernate 3.3.2.GA
[INFO][2017-06-07 16:45:48,049][org.hibernate.cfg.Environment]hibernate.properties not found
[INFO][2017-06-07 16:45:48,051][org.hibernate.cfg.Environment]Bytecode provider name : javassist
[INFO][2017-06-07 16:45:48,054][org.hibernate.cfg.Environment]using JDK 1.4 java.sql.Timestamp handling
[INFO][2017-06-07 16:45:48,186][org.hibernate.cfg.HbmBinder]Mapping class: com.hm.InAndMarkSys.model.TbCk -> tb_ck
[INFO][2017-06-07 16:45:48,225][org.hibernate.cfg.HbmBinder]Mapping class: com.hm.InAndMarkSys.model.Admin -> admin
[INFO][2017-06-07 16:45:48,268][org.hibernate.cfg.HbmBinder]Mapping class: com.hm.InAndMarkSys.model.TbRuku -> tb_ruku
[INFO][2017-06-07 16:45:48,339][org.hibernate.cfg.HbmBinder]Mapping class: com.hm.InAndMarkSys.model.TbWl -> tb_wl
[INFO][2017-06-07 16:45:48,362][org.hibernate.cfg.HbmBinder]Mapping class: com.hm.InAndMarkSys.model.TbCgWl -> tb_cg_wl
[INFO][2017-06-07 16:45:48,400][org.hibernate.cfg.HbmBinder]Mapping class: com.hm.InAndMarkSys.model.TbCg -> tb_cg
[INFO][2017-06-07 16:45:48,425][org.hibernate.cfg.HbmBinder]Mapping class: com.hm.InAndMarkSys.model.TbXs -> tb_xs
[INFO][2017-06-07 16:45:48,499][org.hibernate.cfg.HbmBinder]Mapping class: com.hm.InAndMarkSys.model.TbUser -> tb_user
[INFO][2017-06-07 16:45:48,517][org.hibernate.cfg.HbmBinder]Mapping class: com.hm.InAndMarkSys.model.TbXsRecord -> tb_xs_record
[INFO][2017-06-07 16:45:48,586][org.hibernate.cfg.HbmBinder]Mapping class: com.hm.InAndMarkSys.model.TbGys -> tb_gys
[INFO][2017-06-07 16:45:48,587][org.hibernate.cfg.HbmBinder]Mapping collection: com.hm.InAndMarkSys.model.TbCk.tbRukus -> tb_ruku
[INFO][2017-06-07 16:45:48,587][org.hibernate.cfg.HbmBinder]Mapping collection: com.hm.InAndMarkSys.model.Admin.tbRukus -> tb_ruku
[INFO][2017-06-07 16:45:48,588][org.hibernate.cfg.HbmBinder]Mapping collection: com.hm.InAndMarkSys.model.TbWl.tbXsRecords -> tb_xs_record
[INFO][2017-06-07 16:45:48,588][org.hibernate.cfg.HbmBinder]Mapping collection: com.hm.InAndMarkSys.model.TbWl.tbCgWls -> tb_cg_wl
[INFO][2017-06-07 16:45:48,588][org.hibernate.cfg.HbmBinder]Mapping collection: com.hm.InAndMarkSys.model.TbCg.tbCgWls -> tb_cg_wl
[INFO][2017-06-07 16:45:48,588][org.hibernate.cfg.HbmBinder]Mapping collection: com.hm.InAndMarkSys.model.TbUser.tbXsRecords -> tb_xs_record
[INFO][2017-06-07 16:45:48,588][org.hibernate.cfg.HbmBinder]Mapping collection: com.hm.InAndMarkSys.model.TbXsRecord.tbXses -> tb_xs
[INFO][2017-06-07 16:45:48,588][org.hibernate.cfg.HbmBinder]Mapping collection: com.hm.InAndMarkSys.model.TbGys.tbWls -> tb_wl
[INFO][2017-06-07 16:45:48,589][org.springframework.orm.hibernate3.LocalSessionFactoryBean]Building new Hibernate SessionFactory
[INFO][2017-06-07 16:45:48,595][org.hibernate.connection.ConnectionProviderFactory]Initializing connection provider: org.springframework.orm.hibernate3.LocalDataSourceConnectionProvider
[INFO][2017-06-07 16:45:48,782][org.hibernate.cfg.SettingsFactory]RDBMS: MySQL, version: 5.7.12-log
[INFO][2017-06-07 16:45:48,782][org.hibernate.cfg.SettingsFactory]JDBC driver: MySQL-AB JDBC Driver, version: mysql-connector-java-5.0.5 ( $Date: 2007-03-01 00:01:06 +0100 (Thu, 01 Mar 2007) $, $Revision: 6329 $ )
[INFO][2017-06-07 16:45:48,803][org.hibernate.dialect.Dialect]Using dialect: org.hibernate.dialect.MySQLDialect
[INFO][2017-06-07 16:45:48,806][org.hibernate.transaction.TransactionFactoryFactory]Transaction strategy: org.springframework.orm.hibernate3.SpringTransactionFactory
[INFO][2017-06-07 16:45:48,808][org.hibernate.transaction.TransactionManagerLookupFactory]No TransactionManagerLookup configured (in JTA environment, use of read-write or transactional second-level cache is not recommended)
[INFO][2017-06-07 16:45:48,808][org.hibernate.cfg.SettingsFactory]Automatic flush during beforeCompletion(): disabled
[INFO][2017-06-07 16:45:48,808][org.hibernate.cfg.SettingsFactory]Automatic session close at end of transaction: disabled
[INFO][2017-06-07 16:45:48,808][org.hibernate.cfg.SettingsFactory]JDBC batch size: 15
[INFO][2017-06-07 16:45:48,809][org.hibernate.cfg.SettingsFactory]JDBC batch updates for versioned data: disabled
[INFO][2017-06-07 16:45:48,809][org.hibernate.cfg.SettingsFactory]Scrollable result sets: enabled
[INFO][2017-06-07 16:45:48,809][org.hibernate.cfg.SettingsFactory]JDBC3 getGeneratedKeys(): enabled
[INFO][2017-06-07 16:45:48,809][org.hibernate.cfg.SettingsFactory]Connection release mode: auto
[INFO][2017-06-07 16:45:48,810][org.hibernate.cfg.SettingsFactory]Maximum outer join fetch depth: 2
[INFO][2017-06-07 16:45:48,811][org.hibernate.cfg.SettingsFactory]Default batch fetch size: 1
[INFO][2017-06-07 16:45:48,811][org.hibernate.cfg.SettingsFactory]Generate SQL with comments: disabled
[INFO][2017-06-07 16:45:48,811][org.hibernate.cfg.SettingsFactory]Order SQL updates by primary key: disabled
[INFO][2017-06-07 16:45:48,811][org.hibernate.cfg.SettingsFactory]Order SQL inserts for batching: disabled
[INFO][2017-06-07 16:45:48,811][org.hibernate.cfg.SettingsFactory]Query translator: org.hibernate.hql.ast.ASTQueryTranslatorFactory
[INFO][2017-06-07 16:45:48,813][org.hibernate.hql.ast.ASTQueryTranslatorFactory]Using ASTQueryTranslatorFactory
[INFO][2017-06-07 16:45:48,813][org.hibernate.cfg.SettingsFactory]Query language substitutions: {}
[INFO][2017-06-07 16:45:48,814][org.hibernate.cfg.SettingsFactory]JPA-QL strict compliance: disabled
[INFO][2017-06-07 16:45:48,814][org.hibernate.cfg.SettingsFactory]Second-level cache: enabled
[INFO][2017-06-07 16:45:48,814][org.hibernate.cfg.SettingsFactory]Query cache: disabled
[INFO][2017-06-07 16:45:48,814][org.hibernate.cfg.SettingsFactory]Cache region factory : org.hibernate.cache.impl.NoCachingRegionFactory
[INFO][2017-06-07 16:45:48,814][org.hibernate.cfg.SettingsFactory]Optimize cache for minimal puts: disabled
[INFO][2017-06-07 16:45:48,814][org.hibernate.cfg.SettingsFactory]Structured second-level cache entries: disabled
[INFO][2017-06-07 16:45:48,817][org.hibernate.cfg.SettingsFactory]Echoing all SQL to stdout
[INFO][2017-06-07 16:45:48,817][org.hibernate.cfg.SettingsFactory]Statistics: disabled
[INFO][2017-06-07 16:45:48,817][org.hibernate.cfg.SettingsFactory]Deleted entity synthetic identifier rollback: disabled
[INFO][2017-06-07 16:45:48,817][org.hibernate.cfg.SettingsFactory]Default entity-mode: pojo
[INFO][2017-06-07 16:45:48,817][org.hibernate.cfg.SettingsFactory]Named query checking : enabled
[INFO][2017-06-07 16:45:48,843][org.hibernate.impl.SessionFactoryImpl]building session factory
[INFO][2017-06-07 16:45:49,022][org.hibernate.impl.SessionFactoryObjectFactory]Not binding factory to JNDI, no JNDI name configured
[INFO][2017-06-07 16:45:49,042][org.springframework.orm.hibernate3.HibernateTransactionManager]Using DataSource [org.apache.commons.dbcp.BasicDataSource@5a56b93a] of Hibernate SessionFactory for HibernateTransactionManager
